<?xml version="1.0" encoding="UTF-8"?>
<!-- Generated by org.testng.reporters.JUnitReportReporter -->
<testsuite hostname="SHAIK" failures="0" tests="3" name="TestNg.com.swiggy.HomePageTest" time="0.552" errors="0" timestamp="2023-01-23T13:33:10 IST" skipped="0">
  <testcase classname="TestNg.com.swiggy.HomePageTest" name="testdosearchdeliverylocation" time="0.537"/>
  <system-out/>
  <testcase classname="TestNg.com.swiggy.HomePageTest" name="homePageTitleTest" time="0.011"/>
  <system-out/>
  <testcase classname="TestNg.com.swiggy.HomePageTest" name="homePageUrlTest" time="0.004"/>
  <system-out/>
</testsuite> <!-- TestNg.com.swiggy.HomePageTest -->
